2025-04-10 03:36:02,132 - INFO - 开始爬取 sina 的新闻...
2025-04-10 03:36:02,132 - INFO - ====== WebDriver manager ======
2025-04-10 03:36:03,013 - INFO - Get LATEST chromedriver version for google-chrome
2025-04-10 03:36:25,506 - INFO - Get LATEST chromedriver version for google-chrome
2025-04-10 03:36:26,026 - INFO - Driver [C:\Users\Administrator\.wdm\drivers\chromedriver\win64\135.0.7049.84\chromedriver-win32/chromedriver.exe] found in cache
2025-04-10 03:36:29,563 - INFO - 成功提取 20 条新闻数据
2025-04-10 03:36:30,298 - INFO - 成功提取 20 条新闻数据
2025-04-10 03:36:31,042 - INFO - 成功提取 20 条新闻数据
2025-04-10 03:36:31,758 - INFO - 成功提取 20 条新闻数据
2025-04-10 03:36:32,550 - INFO - 成功提取 20 条新闻数据
2025-04-10 03:36:33,324 - INFO - 成功提取 20 条新闻数据
2025-04-10 03:36:34,113 - INFO - 成功提取 20 条新闻数据
2025-04-10 03:36:34,877 - INFO - 成功提取 20 条新闻数据
2025-04-10 03:36:35,651 - INFO - 成功提取 20 条新闻数据
2025-04-10 03:36:36,431 - INFO - 成功提取 20 条新闻数据
2025-04-10 03:36:37,215 - INFO - 成功提取 20 条新闻数据
2025-04-10 03:36:37,935 - INFO - 成功提取 20 条新闻数据
2025-04-10 03:36:38,747 - INFO - 成功提取 20 条新闻数据
2025-04-10 03:36:39,489 - INFO - 成功提取 20 条新闻数据
2025-04-10 03:36:40,271 - INFO - 成功提取 20 条新闻数据
2025-04-10 03:36:41,094 - INFO - 成功提取 20 条新闻数据
2025-04-10 03:36:41,877 - INFO - 成功提取 20 条新闻数据
2025-04-10 03:36:42,637 - INFO - 成功提取 20 条新闻数据
2025-04-10 03:36:43,397 - INFO - 成功提取 20 条新闻数据
2025-04-10 03:36:44,141 - INFO - 成功提取 20 条新闻数据
2025-04-10 03:36:44,938 - INFO - 成功提取 20 条新闻数据
2025-04-10 03:36:45,724 - INFO - 成功提取 20 条新闻数据
2025-04-10 03:36:46,489 - INFO - 成功提取 20 条新闻数据
2025-04-10 03:36:47,216 - INFO - 成功提取 20 条新闻数据
2025-04-10 03:36:47,993 - INFO - 成功提取 20 条新闻数据
2025-04-10 03:36:48,761 - INFO - 成功提取 20 条新闻数据
2025-04-10 03:36:49,543 - INFO - 成功提取 20 条新闻数据
2025-04-10 03:36:50,317 - INFO - 成功提取 20 条新闻数据
2025-04-10 03:36:51,084 - INFO - 成功提取 20 条新闻数据
2025-04-10 03:36:51,900 - INFO - 成功提取 20 条新闻数据
2025-04-10 03:36:52,635 - INFO - 成功提取 20 条新闻数据
2025-04-10 03:36:53,359 - INFO - 成功提取 20 条新闻数据
2025-04-10 03:36:54,141 - INFO - 成功提取 20 条新闻数据
2025-04-10 03:36:54,900 - INFO - 成功提取 20 条新闻数据
2025-04-10 03:36:55,644 - INFO - 成功提取 20 条新闻数据
2025-04-10 03:36:56,402 - INFO - 成功提取 20 条新闻数据
2025-04-10 03:36:57,293 - INFO - 成功提取 20 条新闻数据
2025-04-10 03:36:58,027 - INFO - 成功提取 20 条新闻数据
2025-04-10 03:36:58,791 - INFO - 成功提取 20 条新闻数据
2025-04-10 03:36:59,527 - INFO - 成功提取 20 条新闻数据
2025-04-10 03:37:00,287 - INFO - 成功提取 20 条新闻数据
2025-04-10 03:37:01,060 - INFO - 成功提取 20 条新闻数据
2025-04-10 03:37:01,766 - INFO - 成功提取 20 条新闻数据
2025-04-10 03:37:02,468 - INFO - 成功提取 20 条新闻数据
2025-04-10 03:37:03,237 - INFO - 成功提取 20 条新闻数据
2025-04-10 03:37:04,016 - INFO - 成功提取 20 条新闻数据
2025-04-10 03:37:04,775 - INFO - 成功提取 20 条新闻数据
2025-04-10 03:37:05,541 - INFO - 成功提取 20 条新闻数据
2025-04-10 03:37:06,292 - WARNING - 时间解析失败: 2025年 3月31日 23:06 -> time data '2025年 3月31日' does not match format '%Y-%m-%d %H:%M'
2025-04-10 03:37:06,292 - WARNING - 时间解析失败: 2025年 3月31日 22:33 -> time data '2025年 3月31日' does not match format '%Y-%m-%d %H:%M'
2025-04-10 03:37:06,292 - WARNING - 时间解析失败: 2025年 3月31日 22:15 -> time data '2025年 3月31日' does not match format '%Y-%m-%d %H:%M'
2025-04-10 03:37:06,292 - WARNING - 时间解析失败: 2025年 3月31日 22:09 -> time data '2025年 3月31日' does not match format '%Y-%m-%d %H:%M'
2025-04-10 03:37:06,292 - WARNING - 时间解析失败: 2025年 3月31日 22:04 -> time data '2025年 3月31日' does not match format '%Y-%m-%d %H:%M'
2025-04-10 03:37:06,292 - INFO - 成功提取 20 条新闻数据
2025-04-10 03:37:06,292 - INFO - 已到达截止日期 2025-03-01，停止翻页
2025-04-10 03:37:12,080 - INFO - 数据已保存到 data/news_data_20250410_033712.csv
2025-04-10 03:37:12,105 - DEBUG - Building prefix dict from the default dictionary ...
2025-04-10 03:37:12,948 - DEBUG - Dumping model to file cache C:\Users\ADMINI~1\AppData\Local\Temp\jieba.cache
2025-04-10 03:37:12,999 - DEBUG - Loading model cost 0.894 seconds.
2025-04-10 03:37:13,005 - DEBUG - Prefix dict has been built successfully.
2025-04-10 03:37:15,815 - INFO - 词云图已保存至 visualizations/wordcloud.png
2025-04-10 03:37:22,627 - INFO - 传播趋势图已保存至 visualizations/trend_plot.png
2025-04-10 03:37:22,635 - INFO - 清洗后的合并数据已保存（共 975 条）

2025-04-10 04:02:45,654 - INFO - 开始爬取 sina 的新闻...
2025-04-10 04:02:45,663 - INFO - ====== WebDriver manager ======
2025-04-10 04:02:46,480 - INFO - Get LATEST chromedriver version for google-chrome
2025-04-10 04:02:47,003 - INFO - Get LATEST chromedriver version for google-chrome
2025-04-10 04:02:47,510 - INFO - Driver [C:\Users\Administrator\.wdm\drivers\chromedriver\win64\135.0.7049.84\chromedriver-win32/chromedriver.exe] found in cache
2025-04-10 04:02:51,274 - INFO - 成功提取 20 条新闻数据
2025-04-10 04:02:52,049 - INFO - 成功提取 20 条新闻数据
2025-04-10 04:02:52,823 - INFO - 成功提取 20 条新闻数据
2025-04-10 04:02:53,562 - INFO - 成功提取 20 条新闻数据
2025-04-10 04:02:54,362 - INFO - 成功提取 20 条新闻数据
2025-04-10 04:02:55,135 - INFO - 成功提取 20 条新闻数据
2025-04-10 04:02:55,904 - INFO - 成功提取 20 条新闻数据
2025-04-10 04:02:56,665 - INFO - 成功提取 20 条新闻数据
2025-04-10 04:02:57,440 - INFO - 成功提取 20 条新闻数据
2025-04-10 04:03:34,045 - INFO - 数据已保存到 data/news_data_20250410_040334.csv
2025-04-10 04:03:34,110 - DEBUG - Building prefix dict from the default dictionary ...
2025-04-10 04:03:34,112 - DEBUG - Loading model from cache C:\Users\ADMINI~1\AppData\Local\Temp\jieba.cache
2025-04-10 04:03:34,749 - DEBUG - Loading model cost 0.637 seconds.
2025-04-10 04:03:34,750 - DEBUG - Prefix dict has been built successfully.
2025-04-10 04:03:35,652 - INFO - 词云图已保存至 visualizations/wordcloud.png
2025-04-10 04:03:36,348 - INFO - 词频统计图已保存
2025-04-10 04:03:36,539 - INFO - 传播趋势图已保存至 visualizations/trend_plot.png
2025-04-10 04:03:36,547 - INFO - 清洗后的合并数据已保存（共 976 条）
2025-04-10 04:24:23,040 - INFO - 开始爬取 sina 的新闻...
2025-04-10 04:24:23,040 - INFO - ====== WebDriver manager ======
2025-04-10 04:24:24,280 - INFO - Get LATEST chromedriver version for google-chrome
2025-04-10 04:24:24,898 - INFO - Get LATEST chromedriver version for google-chrome
2025-04-10 04:24:26,272 - INFO - Driver [C:\Users\Administrator\.wdm\drivers\chromedriver\win64\135.0.7049.84\chromedriver-win32/chromedriver.exe] found in cache
2025-04-10 04:24:30,148 - INFO - 成功提取 20 条新闻数据
2025-04-10 04:24:30,975 - INFO - 成功提取 20 条新闻数据
2025-04-10 04:24:31,695 - INFO - 成功提取 20 条新闻数据
2025-04-10 04:24:32,392 - INFO - 成功提取 20 条新闻数据
2025-04-10 04:24:33,177 - INFO - 成功提取 20 条新闻数据
2025-04-10 04:24:33,881 - INFO - 成功提取 20 条新闻数据
2025-04-10 04:24:34,642 - INFO - 成功提取 20 条新闻数据
2025-04-10 04:24:35,415 - INFO - 成功提取 20 条新闻数据
2025-04-10 04:24:36,173 - INFO - 成功提取 20 条新闻数据
2025-04-10 04:24:36,896 - INFO - 成功提取 20 条新闻数据
2025-04-10 04:24:37,632 - INFO - 成功提取 20 条新闻数据
2025-04-10 04:24:38,319 - INFO - 成功提取 20 条新闻数据
2025-04-10 04:24:39,037 - INFO - 成功提取 20 条新闻数据
2025-04-10 04:24:39,791 - INFO - 成功提取 20 条新闻数据
2025-04-10 04:24:40,512 - INFO - 成功提取 20 条新闻数据
2025-04-10 04:24:41,271 - INFO - 成功提取 20 条新闻数据
2025-04-10 04:24:41,973 - INFO - 成功提取 20 条新闻数据
2025-04-10 04:24:42,759 - INFO - 成功提取 20 条新闻数据
2025-04-10 04:24:43,520 - INFO - 成功提取 20 条新闻数据
2025-04-10 04:24:44,277 - INFO - 成功提取 20 条新闻数据
2025-04-10 04:24:44,973 - INFO - 成功提取 20 条新闻数据
2025-04-10 04:24:45,710 - INFO - 成功提取 20 条新闻数据
2025-04-10 04:24:46,470 - INFO - 成功提取 20 条新闻数据
2025-04-10 04:24:47,224 - INFO - 成功提取 20 条新闻数据
2025-04-10 04:24:47,986 - INFO - 成功提取 20 条新闻数据
2025-04-10 04:24:48,746 - INFO - 成功提取 20 条新闻数据
2025-04-10 04:24:49,551 - INFO - 成功提取 20 条新闻数据
2025-04-10 04:24:50,355 - INFO - 成功提取 20 条新闻数据
2025-04-10 04:24:51,114 - INFO - 成功提取 20 条新闻数据
2025-04-10 04:24:51,821 - INFO - 成功提取 20 条新闻数据
2025-04-10 04:24:52,546 - INFO - 成功提取 20 条新闻数据
2025-04-10 04:24:53,356 - INFO - 成功提取 20 条新闻数据
2025-04-10 04:24:54,125 - INFO - 成功提取 20 条新闻数据
2025-04-10 04:24:54,839 - INFO - 成功提取 20 条新闻数据
2025-04-10 04:24:55,607 - INFO - 成功提取 20 条新闻数据
2025-04-10 04:24:56,344 - INFO - 成功提取 20 条新闻数据
2025-04-10 04:24:57,186 - INFO - 成功提取 20 条新闻数据
2025-04-10 04:24:57,959 - INFO - 成功提取 20 条新闻数据
2025-04-10 04:24:58,655 - INFO - 成功提取 20 条新闻数据
2025-04-10 04:24:59,465 - INFO - 成功提取 20 条新闻数据
2025-04-10 04:25:00,239 - INFO - 成功提取 20 条新闻数据
2025-04-10 04:25:01,064 - INFO - 成功提取 20 条新闻数据
2025-04-10 04:25:01,771 - INFO - 成功提取 20 条新闻数据
2025-04-10 04:25:02,558 - INFO - 成功提取 20 条新闻数据
2025-04-10 04:25:03,297 - INFO - 成功提取 20 条新闻数据
2025-04-10 04:25:04,042 - INFO - 成功提取 20 条新闻数据
2025-04-10 04:25:04,741 - INFO - 成功提取 20 条新闻数据
2025-04-10 04:25:05,562 - INFO - 成功提取 20 条新闻数据
2025-04-10 04:25:06,311 - WARNING - 时间解析失败: 2025年 3月31日 23:06 -> time data '2025年 3月31日' does not match format '%Y-%m-%d %H:%M'
2025-04-10 04:25:06,311 - WARNING - 时间解析失败: 2025年 3月31日 22:33 -> time data '2025年 3月31日' does not match format '%Y-%m-%d %H:%M'
2025-04-10 04:25:06,311 - WARNING - 时间解析失败: 2025年 3月31日 22:15 -> time data '2025年 3月31日' does not match format '%Y-%m-%d %H:%M'
2025-04-10 04:25:06,311 - WARNING - 时间解析失败: 2025年 3月31日 22:09 -> time data '2025年 3月31日' does not match format '%Y-%m-%d %H:%M'
2025-04-10 04:25:06,311 - WARNING - 时间解析失败: 2025年 3月31日 22:04 -> time data '2025年 3月31日' does not match format '%Y-%m-%d %H:%M'
2025-04-10 04:25:06,311 - INFO - 成功提取 20 条新闻数据
2025-04-10 04:25:06,311 - INFO - 已到达截止日期 2025-03-01，停止翻页
2025-04-10 04:25:12,029 - INFO - 数据已保存到 data/news_data_20250410_042512.csv
2025-04-10 04:25:12,095 - DEBUG - Building prefix dict from the default dictionary ...
2025-04-10 04:25:12,103 - DEBUG - Loading model from cache C:\Users\ADMINI~1\AppData\Local\Temp\jieba.cache
2025-04-10 04:25:12,628 - DEBUG - Loading model cost 0.533 seconds.
2025-04-10 04:25:12,628 - DEBUG - Prefix dict has been built successfully.
2025-04-10 04:25:13,404 - INFO - 词云图已保存至 visualizations/wordcloud.png
2025-04-10 04:25:16,584 - INFO - 词频统计图已保存（PNG和PDF格式）
2025-04-10 04:25:16,796 - INFO - 传播趋势图已保存至 visualizations/trend_plot.png
2025-04-10 04:25:16,804 - INFO - 清洗后的合并数据已保存（共 976 条）
2025-04-10 04:29:53,253 - INFO - 开始爬取 sina 的新闻...
2025-04-10 04:29:53,253 - INFO - ====== WebDriver manager ======
2025-04-10 04:29:54,119 - INFO - Get LATEST chromedriver version for google-chrome
2025-04-10 04:29:54,525 - INFO - Get LATEST chromedriver version for google-chrome
2025-04-10 04:29:54,972 - INFO - Driver [C:\Users\Administrator\.wdm\drivers\chromedriver\win64\135.0.7049.84\chromedriver-win32/chromedriver.exe] found in cache
2025-04-10 04:29:58,525 - INFO - 成功提取 20 条新闻数据
2025-04-10 04:29:59,353 - INFO - 成功提取 20 条新闻数据
2025-04-10 04:30:00,135 - INFO - 成功提取 20 条新闻数据
2025-04-10 04:30:00,879 - INFO - 成功提取 20 条新闻数据
2025-04-10 04:30:01,666 - INFO - 成功提取 20 条新闻数据
2025-04-10 04:30:02,399 - INFO - 成功提取 20 条新闻数据
2025-04-10 04:30:03,127 - INFO - 成功提取 20 条新闻数据
2025-04-10 04:30:03,898 - INFO - 成功提取 20 条新闻数据
2025-04-10 04:30:04,664 - INFO - 成功提取 20 条新闻数据
2025-04-10 04:30:05,404 - INFO - 成功提取 20 条新闻数据
2025-04-10 04:30:06,134 - INFO - 成功提取 20 条新闻数据
2025-04-10 04:30:06,924 - INFO - 成功提取 20 条新闻数据
2025-04-10 04:30:07,787 - INFO - 成功提取 20 条新闻数据
2025-04-10 04:30:08,585 - INFO - 成功提取 20 条新闻数据
2025-04-10 04:30:09,321 - INFO - 成功提取 20 条新闻数据
2025-04-10 04:30:10,201 - INFO - 成功提取 20 条新闻数据
2025-04-10 04:30:10,943 - INFO - 成功提取 20 条新闻数据
2025-04-10 04:30:11,692 - INFO - 成功提取 20 条新闻数据
2025-04-10 04:30:12,422 - INFO - 成功提取 20 条新闻数据
2025-04-10 04:30:13,198 - INFO - 成功提取 20 条新闻数据
2025-04-10 04:30:13,999 - INFO - 成功提取 20 条新闻数据
2025-04-10 04:30:14,750 - INFO - 成功提取 20 条新闻数据
2025-04-10 04:30:15,502 - INFO - 成功提取 20 条新闻数据
2025-04-10 04:30:16,223 - INFO - 成功提取 20 条新闻数据
2025-04-10 04:30:16,973 - INFO - 成功提取 20 条新闻数据
2025-04-10 04:30:17,683 - INFO - 成功提取 20 条新闻数据
2025-04-10 04:30:18,550 - INFO - 成功提取 20 条新闻数据
2025-04-10 04:30:19,319 - INFO - 成功提取 20 条新闻数据
2025-04-10 04:30:20,049 - INFO - 成功提取 20 条新闻数据
2025-04-10 04:30:20,822 - INFO - 成功提取 20 条新闻数据
2025-04-10 04:30:21,531 - INFO - 成功提取 20 条新闻数据
2025-04-10 04:30:22,276 - INFO - 成功提取 20 条新闻数据
2025-04-10 04:30:23,077 - INFO - 成功提取 20 条新闻数据
2025-04-10 04:30:23,867 - INFO - 成功提取 20 条新闻数据
2025-04-10 04:30:24,612 - INFO - 成功提取 20 条新闻数据
2025-04-10 04:30:25,343 - INFO - 成功提取 20 条新闻数据
2025-04-10 04:30:26,152 - INFO - 成功提取 20 条新闻数据
2025-04-10 04:30:26,863 - INFO - 成功提取 20 条新闻数据
2025-04-10 04:30:27,710 - INFO - 成功提取 20 条新闻数据
2025-04-10 04:30:28,495 - INFO - 成功提取 20 条新闻数据
2025-04-10 04:30:29,255 - INFO - 成功提取 20 条新闻数据
2025-04-10 04:30:29,978 - INFO - 成功提取 20 条新闻数据
2025-04-10 04:30:30,727 - INFO - 成功提取 20 条新闻数据
2025-04-10 04:30:31,496 - INFO - 成功提取 20 条新闻数据
2025-04-10 04:30:32,213 - INFO - 成功提取 20 条新闻数据
2025-04-10 04:30:32,994 - INFO - 成功提取 20 条新闻数据
2025-04-10 04:30:33,743 - INFO - 成功提取 20 条新闻数据
2025-04-10 04:30:34,490 - INFO - 成功提取 20 条新闻数据
2025-04-10 04:30:35,263 - WARNING - 时间解析失败: 2025年 3月31日 23:06 -> time data '2025年 3月31日' does not match format '%Y-%m-%d %H:%M'
2025-04-10 04:30:35,292 - WARNING - 时间解析失败: 2025年 3月31日 22:33 -> time data '2025年 3月31日' does not match format '%Y-%m-%d %H:%M'
2025-04-10 04:30:35,292 - WARNING - 时间解析失败: 2025年 3月31日 22:15 -> time data '2025年 3月31日' does not match format '%Y-%m-%d %H:%M'
2025-04-10 04:30:35,292 - WARNING - 时间解析失败: 2025年 3月31日 22:09 -> time data '2025年 3月31日' does not match format '%Y-%m-%d %H:%M'
2025-04-10 04:30:35,292 - INFO - 成功提取 20 条新闻数据
2025-04-10 04:30:35,292 - INFO - 已到达截止日期 2025-03-01，停止翻页
2025-04-10 04:30:41,091 - INFO - 数据已保存到 data/news_data_20250410_043041.csv
2025-04-10 04:30:41,174 - DEBUG - Building prefix dict from the default dictionary ...
2025-04-10 04:30:41,174 - DEBUG - Loading model from cache C:\Users\ADMINI~1\AppData\Local\Temp\jieba.cache
2025-04-10 04:30:41,869 - DEBUG - Loading model cost 0.694 seconds.
2025-04-10 04:30:41,869 - DEBUG - Prefix dict has been built successfully.
2025-04-10 04:30:42,693 - INFO - 词云图已保存至 visualizations/wordcloud.png
2025-04-10 04:30:43,736 - INFO - 词频统计图已保存（PNG和PDF格式）
2025-04-10 04:30:43,897 - INFO - 传播趋势图已保存至 visualizations/trend_plot.png
2025-04-10 04:30:43,901 - INFO - 清洗后的合并数据已保存（共 977 条）
